Using device: cuda
Train input shape: (4017, 12)
Validation input shape: (4018, 12)
Test input shape: (365, 12)
Training with window_size=60
Check the shapes of the generated sequences
-----------------------------------------
Train input shape: torch.Size([3958, 60, 12])
Train target shape: torch.Size([3958, 65341, 1])
Validation input shape: torch.Size([3959, 60, 12])
Validation target shape: torch.Size([3959, 65341, 1])
Test input shape: torch.Size([306, 60, 12])
Test target shape: torch.Size([306, 65341, 1])
-----------------------------------------
Create DataLoaders for training and validation sets
-----------------------------------------
Batch size: 16
Set the hyperparameters
-----------------------------------------
multi_branch/gru_window_60.pth
Number of epochs: 1000
Learning rate: 0.001
Patience: 10
Loss function: MSELoss()
-----------------------------------------
Epoch 1/1000, Train Loss: 5.431224, Val Loss: 0.007912
Epoch 2/1000, Train Loss: 0.002495, Val Loss: 0.001412
Epoch 3/1000, Train Loss: 0.003091, Val Loss: 0.000632
Epoch 4/1000, Train Loss: 0.002018, Val Loss: 0.001092
Epoch 5/1000, Train Loss: 0.002303, Val Loss: 0.001358
Epoch 6/1000, Train Loss: 0.002633, Val Loss: 0.000760
Epoch 7/1000, Train Loss: 0.001985, Val Loss: 0.001444
Epoch 8/1000, Train Loss: 0.014705, Val Loss: 0.007521
Epoch 9/1000, Train Loss: 0.004289, Val Loss: 0.002558
Epoch 10/1000, Train Loss: 0.001459, Val Loss: 0.000512
Epoch 11/1000, Train Loss: 0.001281, Val Loss: 0.001231
Epoch 12/1000, Train Loss: 0.001184, Val Loss: 0.000724
Epoch 13/1000, Train Loss: 0.001161, Val Loss: 0.000627
Epoch 14/1000, Train Loss: 0.001103, Val Loss: 0.000583
Epoch 15/1000, Train Loss: 0.001078, Val Loss: 0.000529
Epoch 16/1000, Train Loss: 0.001104, Val Loss: 0.000448
Epoch 17/1000, Train Loss: 0.000974, Val Loss: 0.000463
Epoch 18/1000, Train Loss: 0.000944, Val Loss: 0.000456
Epoch 19/1000, Train Loss: 0.000989, Val Loss: 0.001327
Epoch 20/1000, Train Loss: 0.000860, Val Loss: 0.000623
Epoch 21/1000, Train Loss: 0.001036, Val Loss: 0.000418
Epoch 22/1000, Train Loss: 0.001014, Val Loss: 0.000509
Epoch 23/1000, Train Loss: 0.001154, Val Loss: 0.000421
Epoch 24/1000, Train Loss: 0.000866, Val Loss: 0.000405
Epoch 25/1000, Train Loss: 0.001086, Val Loss: 0.000423
Epoch 26/1000, Train Loss: 0.000820, Val Loss: 0.000392
Epoch 27/1000, Train Loss: 0.000959, Val Loss: 0.000808
Epoch 28/1000, Train Loss: 0.001125, Val Loss: 0.000231
Epoch 29/1000, Train Loss: 0.000882, Val Loss: 0.000847
Epoch 30/1000, Train Loss: 4902173.897654, Val Loss: 1.681743
Epoch 31/1000, Train Loss: 0.356895, Val Loss: 0.443302
Epoch 32/1000, Train Loss: 0.187909, Val Loss: 0.211144
Epoch 33/1000, Train Loss: 0.092628, Val Loss: 0.180750
Epoch 34/1000, Train Loss: 0.068562, Val Loss: 0.094544
Epoch 35/1000, Train Loss: 0.046715, Val Loss: 0.044613
Epoch 36/1000, Train Loss: 0.046376, Val Loss: 0.031629
Epoch 37/1000, Train Loss: 0.032895, Val Loss: 0.026200
Epoch 38/1000, Train Loss: 0.047625, Val Loss: 0.071871
Early stopping
Training completed
All predictions shape before reshape: (306, 65341, 1)
All targets shape before reshape: (306, 65341, 1)
All predictions shape after reshape: (306, 65341)
All targets shape after reshape: (306, 65341)
Predictions and targets saved to multi_branch/array/gru_window_60_preds_targets.npy
Results saved to multi_branch/array/gru_window_60_results.npy
Final Model Evaluation on Test Set:
RMSE: 0.0001, MAE: 0.0001, R²: 0.9982, L2 Error: 0.0278
(0.00010885973, 9.233482e-05, 0.9981844508348016, 0.027826596)
