Using device: cuda
Train input shape: (4017, 12)
Validation input shape: (4018, 12)
Test input shape: (365, 12)
Training with window_size=60
Check the shapes of the generated sequences
-----------------------------------------
Train input shape: torch.Size([3958, 60, 12])
Train target shape: torch.Size([3958, 65341, 1])
Validation input shape: torch.Size([3959, 60, 12])
Validation target shape: torch.Size([3959, 65341, 1])
Test input shape: torch.Size([306, 60, 12])
Test target shape: torch.Size([306, 65341, 1])
-----------------------------------------
Create DataLoaders for training and validation sets
-----------------------------------------
Batch size: 16
Set the hyperparameters
-----------------------------------------
multi_branch/lstm_window_60.pth
Number of epochs: 1000
Learning rate: 0.001
Patience: 10
Loss function: MSELoss()
-----------------------------------------
Epoch 1/1000, Train Loss: 6674.356877, Val Loss: 0.047914
Epoch 2/1000, Train Loss: 0.036393, Val Loss: 0.063627
Epoch 3/1000, Train Loss: 0.026626, Val Loss: 0.007799
Epoch 4/1000, Train Loss: 0.017944, Val Loss: 0.011254
Epoch 5/1000, Train Loss: 0.019324, Val Loss: 0.014489
Epoch 6/1000, Train Loss: 0.013367, Val Loss: 0.007181
Epoch 7/1000, Train Loss: 0.015062, Val Loss: 0.019485
Epoch 8/1000, Train Loss: 0.011767, Val Loss: 0.004282
Epoch 9/1000, Train Loss: 0.009116, Val Loss: 0.004198
Epoch 10/1000, Train Loss: 0.007497, Val Loss: 0.003738
Epoch 11/1000, Train Loss: 0.009333, Val Loss: 0.004455
Epoch 12/1000, Train Loss: 0.007239, Val Loss: 0.005120
Epoch 13/1000, Train Loss: 0.007611, Val Loss: 0.004310
Epoch 14/1000, Train Loss: 0.007505, Val Loss: 0.002738
Epoch 15/1000, Train Loss: 0.007924, Val Loss: 0.004586
Epoch 16/1000, Train Loss: 0.008430, Val Loss: 0.012361
Epoch 17/1000, Train Loss: 0.006556, Val Loss: 0.003240
Epoch 18/1000, Train Loss: 0.005196, Val Loss: 0.010184
Epoch 19/1000, Train Loss: 0.006543, Val Loss: 0.004625
Epoch 20/1000, Train Loss: 0.006700, Val Loss: 0.007925
Epoch 21/1000, Train Loss: 0.006300, Val Loss: 0.006736
Epoch 22/1000, Train Loss: 0.007672, Val Loss: 0.004420
Epoch 23/1000, Train Loss: 0.005713, Val Loss: 0.007577
Epoch 24/1000, Train Loss: 0.006321, Val Loss: 0.003231
Early stopping
Training completed
All predictions shape before reshape: (306, 65341, 1)
All targets shape before reshape: (306, 65341, 1)
All predictions shape after reshape: (306, 65341)
All targets shape after reshape: (306, 65341)
Predictions and targets saved to multi_branch/array/lstm_window_60_preds_targets.npy
Results saved to multi_branch/array/lstm_window_60_results.npy
Final Model Evaluation on Test Set:
RMSE: 0.0006, MAE: 0.0005, R²: 0.9499, L2 Error: 0.1522
(0.0005954209, 0.000469375, 0.9499017888485314, 0.15220082)
