Using device: cuda
Train input shape: (4017, 12)
Validation input shape: (4018, 12)
Test input shape: (365, 12)
Training with window_size=90
Check the shapes of the generated sequences
-----------------------------------------
Train input shape: torch.Size([3928, 90, 12])
Train target shape: torch.Size([3928, 65341, 1])
Validation input shape: torch.Size([3929, 90, 12])
Validation target shape: torch.Size([3929, 65341, 1])
Test input shape: torch.Size([276, 90, 12])
Test target shape: torch.Size([276, 65341, 1])
-----------------------------------------
Create DataLoaders for training and validation sets
-----------------------------------------
Batch size: 16
SequentialDeepONet(
  (branch_net): FCN(
    (network): Sequential(
      (0): Linear(in_features=12, out_features=64, bias=True)
      (1): ReLU()
      (2): Linear(in_features=64, out_features=64, bias=True)
      (3): ReLU()
      (4): Linear(in_features=64, out_features=64, bias=True)
      (5): ReLU()
      (6): Linear(in_features=64, out_features=128, bias=True)
    )
  )
  (trunk_net): FCN(
    (network): Sequential(
      (0): Linear(in_features=2, out_features=128, bias=True)
      (1): ReLU()
      (2): Linear(in_features=128, out_features=128, bias=True)
      (3): ReLU()
      (4): Linear(in_features=128, out_features=128, bias=True)
    )
  )
)
Number of trainable parameters: 50881
Set the hyperparameters
-----------------------------------------
single_branch/fnn_window_90_1.pth
Number of epochs: 1000
Learning rate: 0.001
Patience: 10
Loss function: MSELoss()
-----------------------------------------
Epoch 1/1000, Train Loss: 0.009571, Validation Loss: 0.000168
Epoch 2/1000, Train Loss: 0.000132, Validation Loss: 0.000050
Epoch 3/1000, Train Loss: 0.000104, Validation Loss: 0.000042
Epoch 4/1000, Train Loss: 0.000081, Validation Loss: 0.000054
Epoch 5/1000, Train Loss: 0.000064, Validation Loss: 0.000019
Epoch 6/1000, Train Loss: 0.000049, Validation Loss: 0.000019
Epoch 7/1000, Train Loss: 0.000052, Validation Loss: 0.000014
Epoch 8/1000, Train Loss: 0.000049, Validation Loss: 0.000013
Epoch 9/1000, Train Loss: 0.000061, Validation Loss: 0.000171
Epoch 10/1000, Train Loss: 0.000087, Validation Loss: 0.000093
Epoch 11/1000, Train Loss: 0.000078, Validation Loss: 0.000014
Epoch 12/1000, Train Loss: 0.000057, Validation Loss: 0.000017
Epoch 13/1000, Train Loss: 0.000030, Validation Loss: 0.000019
Epoch 14/1000, Train Loss: 0.000049, Validation Loss: 0.000017
Epoch 15/1000, Train Loss: 0.000098, Validation Loss: 0.000064
Epoch 16/1000, Train Loss: 0.000042, Validation Loss: 0.000013
Epoch 17/1000, Train Loss: 0.000054, Validation Loss: 0.000077
Epoch 18/1000, Train Loss: 0.000079, Validation Loss: 0.000014
Early stopping at epoch 18
Training completed!
All predictions shape after reshape: (276, 65341)
All targets shape after reshape: (276, 65341)
Predictions and targets saved to single_branch/array/fnn_window_90_preds_targets_1.npy
Results saved to single_branch/array/fnn_window_90_results_1.npy
Final Model Evaluation on Test Set:
RMSE: 0.0001, MAE: 0.0001, R²: 0.9989, L2 Error: 0.0216
(8.4565036e-05, 7.062496e-05, 0.9989292896311319, 0.021616418)
