Using device: cuda
Train input shape: (4017, 12)
Validation input shape: (4018, 12)
Test input shape: (365, 12)
Training with window_size=60
Check the shapes of the generated sequences
-----------------------------------------
Train input shape: torch.Size([3958, 60, 12])
Train target shape: torch.Size([3958, 65341, 1])
Validation input shape: torch.Size([3959, 60, 12])
Validation target shape: torch.Size([3959, 65341, 1])
Test input shape: torch.Size([306, 60, 12])
Test target shape: torch.Size([306, 65341, 1])
-----------------------------------------
Create DataLoaders for training and validation sets
-----------------------------------------
Batch size: 16
SequentialDeepONet(
  (branch_net): FCN(
    (network): Sequential(
      (0): Linear(in_features=12, out_features=64, bias=True)
      (1): ReLU()
      (2): Linear(in_features=64, out_features=64, bias=True)
      (3): ReLU()
      (4): Linear(in_features=64, out_features=64, bias=True)
      (5): ReLU()
      (6): Linear(in_features=64, out_features=128, bias=True)
    )
  )
  (trunk_net): FCN(
    (network): Sequential(
      (0): Linear(in_features=2, out_features=128, bias=True)
      (1): ReLU()
      (2): Linear(in_features=128, out_features=128, bias=True)
      (3): ReLU()
      (4): Linear(in_features=128, out_features=128, bias=True)
    )
  )
)
Number of trainable parameters: 50881
Set the hyperparameters
-----------------------------------------
single_branch/fnn_window_60_1.pth
Number of epochs: 1000
Learning rate: 0.001
Patience: 10
Loss function: MSELoss()
-----------------------------------------
Epoch 1/1000, Train Loss: 0.010767, Validation Loss: 0.000428
Epoch 2/1000, Train Loss: 0.000160, Validation Loss: 0.000057
Epoch 3/1000, Train Loss: 0.000109, Validation Loss: 0.000047
Epoch 4/1000, Train Loss: 0.000092, Validation Loss: 0.000061
Epoch 5/1000, Train Loss: 0.000083, Validation Loss: 0.000043
Epoch 6/1000, Train Loss: 0.000058, Validation Loss: 0.000042
Epoch 7/1000, Train Loss: 0.000052, Validation Loss: 0.000028
Epoch 8/1000, Train Loss: 0.000087, Validation Loss: 0.000018
Epoch 9/1000, Train Loss: 0.000050, Validation Loss: 0.000025
Epoch 10/1000, Train Loss: 0.000062, Validation Loss: 0.000020
Epoch 11/1000, Train Loss: 0.000082, Validation Loss: 0.000015
Epoch 12/1000, Train Loss: 0.000065, Validation Loss: 0.000015
Epoch 13/1000, Train Loss: 0.000090, Validation Loss: 0.000399
Epoch 14/1000, Train Loss: 0.000046, Validation Loss: 0.000021
Epoch 15/1000, Train Loss: 0.000097, Validation Loss: 0.000036
Epoch 16/1000, Train Loss: 0.000062, Validation Loss: 0.000033
Epoch 17/1000, Train Loss: 0.000076, Validation Loss: 0.000086
Epoch 18/1000, Train Loss: 0.000056, Validation Loss: 0.000017
Epoch 19/1000, Train Loss: 0.000065, Validation Loss: 0.000323
Epoch 20/1000, Train Loss: 0.000116, Validation Loss: 0.000030
Epoch 21/1000, Train Loss: 0.000084, Validation Loss: 0.000012
Epoch 22/1000, Train Loss: 0.000048, Validation Loss: 0.000014
Epoch 23/1000, Train Loss: 0.000059, Validation Loss: 0.000096
Epoch 24/1000, Train Loss: 0.000060, Validation Loss: 0.000051
Epoch 25/1000, Train Loss: 0.000037, Validation Loss: 0.000009
Epoch 26/1000, Train Loss: 0.000056, Validation Loss: 0.000045
Epoch 27/1000, Train Loss: 0.000070, Validation Loss: 0.000036
Epoch 28/1000, Train Loss: 0.000063, Validation Loss: 0.000012
Epoch 29/1000, Train Loss: 0.000057, Validation Loss: 0.000019
Epoch 30/1000, Train Loss: 0.000091, Validation Loss: 0.000073
Epoch 31/1000, Train Loss: 0.000067, Validation Loss: 0.000013
Epoch 32/1000, Train Loss: 0.000049, Validation Loss: 0.000021
Epoch 33/1000, Train Loss: 0.000034, Validation Loss: 0.000037
Epoch 34/1000, Train Loss: 0.000089, Validation Loss: 0.000041
Epoch 35/1000, Train Loss: 0.000027, Validation Loss: 0.000024
Early stopping at epoch 35
Training completed!
All predictions shape after reshape: (306, 65341)
All targets shape after reshape: (306, 65341)
Predictions and targets saved to single_branch/array/fnn_window_60_preds_targets_1.npy
Results saved to single_branch/array/fnn_window_60_results_1.npy
Final Model Evaluation on Test Set:
RMSE: 0.0001, MAE: 0.0001, R²: 0.9995, L2 Error: 0.0154
(6.0108337e-05, 5.285082e-05, 0.9995056108558844, 0.015364825)
