Using device: cuda
Train input shape: (6428, 12)
Validation input shape: (1607, 12)
Test input shape: (365, 12)
Training with window_size=30
Check the shapes of the generated sequences
-----------------------------------------
Train input shape: torch.Size([6399, 30, 12])
Train target shape: torch.Size([6399, 65341, 1])
Validation input shape: torch.Size([1578, 30, 12])
Validation target shape: torch.Size([1578, 65341, 1])
Test input shape: torch.Size([336, 30, 12])
Test target shape: torch.Size([336, 65341, 1])
-----------------------------------------
Create DataLoaders for training and validation sets
-----------------------------------------
Batch size: 16
SequentialDeepONet(
  (branch_net): FCN(
    (network): Sequential(
      (0): Linear(in_features=12, out_features=64, bias=True)
      (1): ReLU()
      (2): Linear(in_features=64, out_features=64, bias=True)
      (3): ReLU()
      (4): Linear(in_features=64, out_features=64, bias=True)
      (5): ReLU()
      (6): Linear(in_features=64, out_features=128, bias=True)
    )
  )
  (trunk_net): FCN(
    (network): Sequential(
      (0): Linear(in_features=2, out_features=128, bias=True)
      (1): ReLU()
      (2): Linear(in_features=128, out_features=128, bias=True)
      (3): ReLU()
      (4): Linear(in_features=128, out_features=128, bias=True)
    )
  )
)
Number of trainable parameters: 50881
Set the hyperparameters
-----------------------------------------
single_branch/fnn_window_30_1.pth
Number of epochs: 1000
Learning rate: 0.001
Patience: 10
Loss function: MSELoss()
-----------------------------------------
Epoch 1/1000, Train Loss: 0.007634, Validation Loss: 0.000062
Epoch 2/1000, Train Loss: 0.000085, Validation Loss: 0.000032
Epoch 3/1000, Train Loss: 0.000046, Validation Loss: 0.000023
Epoch 4/1000, Train Loss: 0.000038, Validation Loss: 0.000020
Epoch 5/1000, Train Loss: 0.000049, Validation Loss: 0.000029
Epoch 6/1000, Train Loss: 0.000033, Validation Loss: 0.000009
Epoch 7/1000, Train Loss: 0.000046, Validation Loss: 0.000007
Epoch 8/1000, Train Loss: 0.000076, Validation Loss: 0.000146
Epoch 9/1000, Train Loss: 0.000081, Validation Loss: 0.000042
Epoch 10/1000, Train Loss: 0.000060, Validation Loss: 0.000022
Epoch 11/1000, Train Loss: 0.000047, Validation Loss: 0.000060
Epoch 12/1000, Train Loss: 0.000077, Validation Loss: 0.000005
Epoch 13/1000, Train Loss: 0.000062, Validation Loss: 0.000018
Epoch 14/1000, Train Loss: 0.000053, Validation Loss: 0.000011
Epoch 15/1000, Train Loss: 0.000062, Validation Loss: 0.000110
Epoch 16/1000, Train Loss: 0.000046, Validation Loss: 0.000123
Epoch 17/1000, Train Loss: 0.000060, Validation Loss: 0.000030
Epoch 18/1000, Train Loss: 0.000053, Validation Loss: 0.000017
Epoch 19/1000, Train Loss: 0.000062, Validation Loss: 0.000013
Epoch 20/1000, Train Loss: 0.000032, Validation Loss: 0.000023
Epoch 21/1000, Train Loss: 0.000027, Validation Loss: 0.000077
Epoch 22/1000, Train Loss: 0.000056, Validation Loss: 0.000055
Early stopping at epoch 22
Training completed!
All predictions shape after reshape: (336, 65341)
All targets shape after reshape: (336, 65341)
Predictions and targets saved to single_branch/array/fnn_window_30_preds_targets_1.npy
Results saved to single_branch/array/fnn_window_30_results_1.npy
Final Model Evaluation on Test Set:
RMSE: 0.0000, MAE: 0.0000, R²: 0.9996, L2 Error: 0.0127
(4.9665145e-05, 4.239647e-05, 0.9996402771901319, 0.012695348)
noisy
All predictions shape after reshape: (336, 65341)
All targets shape after reshape: (336, 65341)
Predictions and targets saved to single_branch/array/noise_fnn_window_30_preds_targets_1.npy
Results saved to single_branch/array/noise_fnn_window_30_results_1.npy
Final Model Evaluation on Test Set:
RMSE: 0.0003, MAE: 0.0003, R²: 0.9815, L2 Error: 0.0757
(0.00029610196, 0.00028145357, 0.9814661462027982, 0.075689234)
