Using device: cuda
Train input shape: (4017, 12)
Validation input shape: (4018, 12)
Test input shape: (365, 12)
Training with window_size=7
Check the shapes of the generated sequences
-----------------------------------------
Train input shape: torch.Size([4011, 7, 12])
Train target shape: torch.Size([4011, 65341, 1])
Validation input shape: torch.Size([4012, 7, 12])
Validation target shape: torch.Size([4012, 65341, 1])
Test input shape: torch.Size([359, 7, 12])
Test target shape: torch.Size([359, 65341, 1])
-----------------------------------------
Create DataLoaders for training and validation sets
-----------------------------------------
Batch size: 16
SequentialDeepONet(
  (branch_net): GRU(
    (gru): GRU(12, 128, num_layers=4, batch_first=True)
    (layer_norm): LayerNorm((128,), eps=1e-05, elementwise_affine=True)
    (fc): Linear(in_features=128, out_features=128, bias=True)
  )
  (trunk_net): FCN(
    (network): Sequential(
      (0): Linear(in_features=2, out_features=128, bias=True)
      (1): ReLU()
      (2): Linear(in_features=128, out_features=128, bias=True)
      (3): ReLU()
      (4): Linear(in_features=128, out_features=128, bias=True)
    )
  )
)
Set the hyperparameters
-----------------------------------------
single_branch/gru_window_7_1.pth
Number of epochs: 1000
Learning rate: 0.001
Patience: 10
Loss function: MSELoss()
-----------------------------------------
Epoch 1/1000, Train Loss: 0.151472, Validation Loss: 0.000343
Epoch 2/1000, Train Loss: 0.001045, Validation Loss: 0.000272
Epoch 3/1000, Train Loss: 0.001016, Validation Loss: 0.000283
Epoch 4/1000, Train Loss: 0.001051, Validation Loss: 0.000390
Epoch 5/1000, Train Loss: 0.000876, Validation Loss: 0.000223
Epoch 6/1000, Train Loss: 0.000738, Validation Loss: 0.000163
Epoch 7/1000, Train Loss: 0.000623, Validation Loss: 0.000384
Epoch 8/1000, Train Loss: 0.000510, Validation Loss: 0.000114
Epoch 9/1000, Train Loss: 0.000379, Validation Loss: 0.000202
Epoch 10/1000, Train Loss: 0.000253, Validation Loss: 0.000076
Epoch 11/1000, Train Loss: 0.000192, Validation Loss: 0.000535
Epoch 12/1000, Train Loss: 0.000136, Validation Loss: 0.000098
Epoch 13/1000, Train Loss: 0.000095, Validation Loss: 0.000030
Epoch 14/1000, Train Loss: 0.000099, Validation Loss: 0.000126
Epoch 15/1000, Train Loss: 0.000156, Validation Loss: 0.000030
Epoch 16/1000, Train Loss: 0.000091, Validation Loss: 0.000017
Epoch 17/1000, Train Loss: 0.000114, Validation Loss: 0.000064
Epoch 18/1000, Train Loss: 0.000107, Validation Loss: 0.000021
Epoch 19/1000, Train Loss: 0.000179, Validation Loss: 0.000035
Epoch 20/1000, Train Loss: 0.000308, Validation Loss: 0.000027
Epoch 21/1000, Train Loss: 0.000075, Validation Loss: 0.000018
Epoch 22/1000, Train Loss: 0.000072, Validation Loss: 0.000115
Epoch 23/1000, Train Loss: 0.000209, Validation Loss: 0.000011
Epoch 24/1000, Train Loss: 0.000105, Validation Loss: 0.000052
Epoch 25/1000, Train Loss: 0.000094, Validation Loss: 0.000079
Epoch 26/1000, Train Loss: 0.000150, Validation Loss: 0.000031
Epoch 27/1000, Train Loss: 0.000210, Validation Loss: 0.000268
Epoch 28/1000, Train Loss: 0.000088, Validation Loss: 0.000304
Epoch 29/1000, Train Loss: 0.000140, Validation Loss: 0.000090
Epoch 30/1000, Train Loss: 0.000261, Validation Loss: 0.000202
Epoch 31/1000, Train Loss: 0.000128, Validation Loss: 0.000032
Epoch 32/1000, Train Loss: 0.000073, Validation Loss: 0.000160
Epoch 33/1000, Train Loss: 0.000074, Validation Loss: 0.000018
Early stopping at epoch 33
Training completed!
All predictions shape after reshape: (359, 65341)
All targets shape after reshape: (359, 65341)
Predictions and targets saved to single_branch/array/gru_window_7_preds_targets_1.npy
Results saved to single_branch/array/gru_window_7_results_1.npy
Final Model Evaluation on Test Set:
RMSE: 0.0000, MAE: 0.0000, R²: 0.9998, L2 Error: 0.0107
(4.181108e-05, 3.4122346e-05, 0.9997654175961221, 0.0106877)
