Using device: cuda
Train input shape: (4017, 12)
Validation input shape: (4018, 12)
Test input shape: (365, 12)
Training with window_size=30
Check the shapes of the generated sequences
-----------------------------------------
Train input shape: torch.Size([3988, 30, 12])
Train target shape: torch.Size([3988, 65341, 1])
Validation input shape: torch.Size([3989, 30, 12])
Validation target shape: torch.Size([3989, 65341, 1])
Test input shape: torch.Size([336, 30, 12])
Test target shape: torch.Size([336, 65341, 1])
-----------------------------------------
Create DataLoaders for training and validation sets
-----------------------------------------
Batch size: 16
SequentialDeepONet(
  (branch_net): GRU(
    (gru): GRU(12, 128, num_layers=4, batch_first=True)
    (layer_norm): LayerNorm((128,), eps=1e-05, elementwise_affine=True)
    (fc): Linear(in_features=128, out_features=128, bias=True)
  )
  (trunk_net): FCN(
    (network): Sequential(
      (0): Linear(in_features=2, out_features=128, bias=True)
      (1): ReLU()
      (2): Linear(in_features=128, out_features=128, bias=True)
      (3): ReLU()
      (4): Linear(in_features=128, out_features=128, bias=True)
    )
  )
)
Set the hyperparameters
-----------------------------------------
single_branch/gru_window_30_1.pth
Number of epochs: 1000
Learning rate: 0.001
Patience: 10
Loss function: MSELoss()
-----------------------------------------
Epoch 1/1000, Train Loss: 0.062212, Validation Loss: 0.000259
Epoch 2/1000, Train Loss: 0.000480, Validation Loss: 0.000218
Epoch 3/1000, Train Loss: 0.000274, Validation Loss: 0.000063
Epoch 4/1000, Train Loss: 0.000174, Validation Loss: 0.000047
Epoch 5/1000, Train Loss: 0.000106, Validation Loss: 0.000037
Epoch 6/1000, Train Loss: 0.000086, Validation Loss: 0.000062
Epoch 7/1000, Train Loss: 0.000097, Validation Loss: 0.000024
Epoch 8/1000, Train Loss: 0.000081, Validation Loss: 0.000066
Epoch 9/1000, Train Loss: 0.000070, Validation Loss: 0.000132
Epoch 10/1000, Train Loss: 0.000088, Validation Loss: 0.000031
Epoch 11/1000, Train Loss: 0.000095, Validation Loss: 0.000018
Epoch 12/1000, Train Loss: 0.000072, Validation Loss: 0.000216
Epoch 13/1000, Train Loss: 0.000127, Validation Loss: 0.000033
Epoch 14/1000, Train Loss: 0.000067, Validation Loss: 0.000016
Epoch 15/1000, Train Loss: 0.000069, Validation Loss: 0.000457
Epoch 16/1000, Train Loss: 0.000103, Validation Loss: 0.000093
Epoch 17/1000, Train Loss: 0.000106, Validation Loss: 0.000075
Epoch 18/1000, Train Loss: 0.000103, Validation Loss: 0.000017
Epoch 19/1000, Train Loss: 0.000083, Validation Loss: 0.000021
Epoch 20/1000, Train Loss: 0.000052, Validation Loss: 0.000017
Epoch 21/1000, Train Loss: 0.000085, Validation Loss: 0.000972
Epoch 22/1000, Train Loss: 0.000441, Validation Loss: 0.000487
Epoch 23/1000, Train Loss: 0.000155, Validation Loss: 0.000015
Epoch 24/1000, Train Loss: 0.000036, Validation Loss: 0.000188
Epoch 25/1000, Train Loss: 0.000054, Validation Loss: 0.000030
Epoch 26/1000, Train Loss: 0.000068, Validation Loss: 0.000046
Epoch 27/1000, Train Loss: 0.000074, Validation Loss: 0.000360
Epoch 28/1000, Train Loss: 0.000132, Validation Loss: 0.000062
Epoch 29/1000, Train Loss: 0.000113, Validation Loss: 0.000021
Epoch 30/1000, Train Loss: 0.000119, Validation Loss: 0.000023
Epoch 31/1000, Train Loss: 0.000383, Validation Loss: 0.000105
Epoch 32/1000, Train Loss: 0.000063, Validation Loss: 0.000201
Epoch 33/1000, Train Loss: 0.000043, Validation Loss: 0.000031
Early stopping at epoch 33
Training completed!
All predictions shape after reshape: (336, 65341)
All targets shape after reshape: (336, 65341)
Predictions and targets saved to single_branch/array/gru_window_30_preds_targets_1.npy
Results saved to single_branch/array/gru_window_30_results_1.npy
Final Model Evaluation on Test Set:
RMSE: 0.0001, MAE: 0.0001, R²: 0.9993, L2 Error: 0.0174
(6.822903e-05, 5.860055e-05, 0.9993231858305817, 0.017440626)
