usage: conda [-h] [-v] [--no-plugins] [-V] COMMAND ...
conda: error: argument COMMAND: invalid choice: 'deactivate' (choose from 'clean', 'compare', 'config', 'create', 'info', 'init', 'install', 'list', 'notices', 'package', 'remove', 'uninstall', 'rename', 'run', 'search', 'update', 'upgrade', 'build', 'content-trust', 'convert', 'debug', 'develop', 'doctor', 'index', 'inspect', 'metapackage', 'render', 'repoquery', 'skeleton', 'verify', 'server', 'token', 'repo', 'env')
A conda environment has been detected CONDA_PREFIX=
/sw/external/python/anaconda3 
anaconda3_gpu is loaded. Consider running conda deactivate and reloading it.
# conda environments:
#
base                     /sw/external/python/anaconda3
DiffusionPDE             /u/kazumak2/.conda/envs/DiffusionPDE
pytorch-2_3_1            /u/kazumak2/.conda/envs/pytorch-2_3_1
pytorch-env           *  /u/kazumak2/.conda/envs/pytorch-env

Starting job for window_size=7 on GPU 0
Starting job for window_size=30 on GPU 1
Starting job for window_size=60 on GPU 2
Starting job for window_size=90 on GPU 3
Starting job for window_size=7 on GPU 0
Starting job for window_size=30 on GPU 1
Starting job for window_size=60 on GPU 2
Starting job for window_size=90 on GPU 3
Starting job for window_size=7 on GPU 0
Starting job for window_size=30 on GPU 1
Starting job for window_size=60 on GPU 2
Starting job for window_size=90 on GPU 3
/var/spool/slurmd/job8309600/slurm_script: line 62: 3277880 Killed                  CUDA_VISIBLE_DEVICES=$GPU_ID python single_lstm_train.py --window_size $WINDOW_SIZE > logs/single_lstm_window_${WINDOW_SIZE}.log 2>&1
/var/spool/slurmd/job8309600/slurm_script: line 62: 3277884 Killed                  CUDA_VISIBLE_DEVICES=$GPU_ID python single_fnn_train.py --window_size $WINDOW_SIZE > logs/single_fnn_window_${WINDOW_SIZE}.log 2>&1
All training jobs completed.
slurmstepd: error: Detected 2 oom_kill events in StepId=8309600.batch. Some of the step tasks have been OOM Killed.
