usage: conda [-h] [-v] [--no-plugins] [-V] COMMAND ...
conda: error: argument COMMAND: invalid choice: 'deactivate' (choose from 'clean', 'compare', 'config', 'create', 'info', 'init', 'install', 'list', 'notices', 'package', 'remove', 'uninstall', 'rename', 'run', 'search', 'update', 'upgrade', 'build', 'content-trust', 'convert', 'debug', 'develop', 'doctor', 'index', 'inspect', 'metapackage', 'render', 'repoquery', 'skeleton', 'token', 'verify', 'env', 'server', 'repo')
A conda environment has been detected CONDA_PREFIX=
/sw/external/python/anaconda3 
anaconda3_gpu is loaded. Consider running conda deactivate and reloading it.
# conda environments:
#
base                     /sw/external/python/anaconda3
CoNFiLD                  /u/kazumak2/.conda/envs/CoNFiLD
pytorch-env           *  /u/kazumak2/.conda/envs/pytorch-env

Starting job for window_size=7 on GPU 0
Starting job for window_size=30 on GPU 1
Starting job for window_size=60 on GPU 2
Starting job for window_size=90 on GPU 3
Starting job for window_size=7 on GPU 0
Starting job for window_size=30 on GPU 1
Starting job for window_size=60 on GPU 2
Starting job for window_size=90 on GPU 3
/var/spool/slurmd/job8854287/slurm_script: line 66: 
for i in {0..3}; do
    GPU_ID=$i
    WINDOW_SIZE=${WINDOW_SIZES[$i]}

    echo "Starting job for window_size=${WINDOW_SIZE} on GPU ${GPU_ID}"
    
    #CUDA_VISIBLE_DEVICES=$GPU_ID python single_fnn_train.py --window_size $WINDOW_SIZE > logs/single_fnn_window_${WINDOW_SIZE}.log 2>&1 &
done


# Wait for all background processes to finish
wait
: No such file or directory
All training jobs completed.
