Using device: cuda
Train input shape: (4017, 12)
Validation input shape: (4018, 12)
Test input shape: (365, 12)
Training with window_size=7
Check the shapes of the generated sequences
-----------------------------------------
Train input shape: torch.Size([4011, 7, 12])
Train target shape: torch.Size([4011, 65341, 1])
Validation input shape: torch.Size([4012, 7, 12])
Validation target shape: torch.Size([4012, 65341, 1])
Test input shape: torch.Size([359, 7, 12])
Test target shape: torch.Size([359, 65341, 1])
-----------------------------------------
Create DataLoaders for training and validation sets
-----------------------------------------
Batch size: 16
Set the hyperparameters
-----------------------------------------
multi_branch/lstm_window_7.pth
Number of epochs: 1000
Learning rate: 0.001
Patience: 10
Loss function: MSELoss()
-----------------------------------------
Epoch 1/1000, Train Loss: 0.138710, Val Loss: 0.003161
Epoch 2/1000, Train Loss: 0.001674, Val Loss: 0.001204
Epoch 3/1000, Train Loss: 0.002619, Val Loss: 0.000380
Epoch 4/1000, Train Loss: 0.001893, Val Loss: 0.000376
Epoch 5/1000, Train Loss: 0.001844, Val Loss: 0.005122
Epoch 6/1000, Train Loss: 0.002039, Val Loss: 0.000460
Epoch 7/1000, Train Loss: 0.002388, Val Loss: 0.000396
Epoch 8/1000, Train Loss: 0.002021, Val Loss: 0.002041
Epoch 9/1000, Train Loss: 0.001811, Val Loss: 0.000379
Epoch 10/1000, Train Loss: 0.003250, Val Loss: 0.001025
Epoch 11/1000, Train Loss: 0.002107, Val Loss: 0.000249
Epoch 12/1000, Train Loss: 0.003383, Val Loss: 0.001877
Epoch 13/1000, Train Loss: 0.001831, Val Loss: 0.000975
Epoch 14/1000, Train Loss: 0.003153, Val Loss: 0.008005
Epoch 15/1000, Train Loss: 0.002065, Val Loss: 0.000190
Epoch 16/1000, Train Loss: 0.001096, Val Loss: 0.001175
Epoch 17/1000, Train Loss: 0.000868, Val Loss: 0.000985
Epoch 18/1000, Train Loss: 0.631255, Val Loss: 0.315837
Epoch 19/1000, Train Loss: 0.056043, Val Loss: 0.002845
Epoch 20/1000, Train Loss: 0.006917, Val Loss: 0.003957
Epoch 21/1000, Train Loss: 0.002192, Val Loss: 0.001481
Epoch 22/1000, Train Loss: 0.001903, Val Loss: 0.000794
Epoch 23/1000, Train Loss: 0.001948, Val Loss: 0.000710
Epoch 24/1000, Train Loss: 0.001831, Val Loss: 0.001318
Epoch 25/1000, Train Loss: 0.001689, Val Loss: 0.000523
Early stopping
Training completed
All predictions shape before reshape: (359, 65341, 1)
All targets shape before reshape: (359, 65341, 1)
All predictions shape after reshape: (359, 65341)
All targets shape after reshape: (359, 65341)
Results saved to multi_branch/array/lstm_window_7_results.npy
Final Model Evaluation on Test Set:
RMSE: 0.0003, MAE: 0.0003, R²: 0.9788, L2 Error: 0.0849
(0.00033227474, 0.00029520554, 0.9788330457130159, 0.08493569)
