Using device: cuda
Train input shape: (4017, 12)
Validation input shape: (4018, 12)
Test input shape: (365, 12)
Training with window_size=60
Check the shapes of the generated sequences
-----------------------------------------
Train input shape: torch.Size([3958, 60, 12])
Train target shape: torch.Size([3958, 65341, 1])
Validation input shape: torch.Size([3959, 60, 12])
Validation target shape: torch.Size([3959, 65341, 1])
Test input shape: torch.Size([306, 60, 12])
Test target shape: torch.Size([306, 65341, 1])
-----------------------------------------
Create DataLoaders for training and validation sets
-----------------------------------------
Batch size: 16
Set the hyperparameters
-----------------------------------------
multi_branch/lstm_window_60.pth
Number of epochs: 1000
Learning rate: 0.001
Patience: 10
Loss function: MSELoss()
-----------------------------------------
Epoch 1/1000, Train Loss: 17.209753, Val Loss: 0.002645
Epoch 2/1000, Train Loss: 0.003168, Val Loss: 0.001842
Epoch 3/1000, Train Loss: 0.002783, Val Loss: 0.002367
Epoch 4/1000, Train Loss: 0.002670, Val Loss: 0.002666
Epoch 5/1000, Train Loss: 0.002487, Val Loss: 0.001209
Epoch 6/1000, Train Loss: 0.002232, Val Loss: 0.003263
Epoch 7/1000, Train Loss: 0.002251, Val Loss: 0.001768
Epoch 8/1000, Train Loss: 0.002619, Val Loss: 0.001538
Epoch 9/1000, Train Loss: 0.002093, Val Loss: 0.000980
Epoch 10/1000, Train Loss: 0.002193, Val Loss: 0.003809
Epoch 11/1000, Train Loss: 0.002444, Val Loss: 0.001366
Epoch 12/1000, Train Loss: 0.002103, Val Loss: 0.000819
Epoch 13/1000, Train Loss: 0.002010, Val Loss: 0.000622
Epoch 14/1000, Train Loss: 0.002546, Val Loss: 0.000655
Epoch 15/1000, Train Loss: 0.002173, Val Loss: 0.000978
Epoch 16/1000, Train Loss: 0.002091, Val Loss: 0.002261
Epoch 17/1000, Train Loss: 0.002146, Val Loss: 0.001240
Epoch 18/1000, Train Loss: 0.002044, Val Loss: 0.000950
Epoch 19/1000, Train Loss: 0.002672, Val Loss: 0.002126
Epoch 20/1000, Train Loss: 0.002163, Val Loss: 0.000481
Epoch 21/1000, Train Loss: 0.002461, Val Loss: 0.000489
Epoch 22/1000, Train Loss: 0.001948, Val Loss: 0.001620
Epoch 23/1000, Train Loss: 0.002022, Val Loss: 0.000426
Epoch 24/1000, Train Loss: 0.002003, Val Loss: 0.000450
Epoch 25/1000, Train Loss: 0.002110, Val Loss: 0.000760
Epoch 26/1000, Train Loss: 0.001751, Val Loss: 0.000875
Epoch 27/1000, Train Loss: 0.001598, Val Loss: 0.000723
Epoch 28/1000, Train Loss: 0.001673, Val Loss: 0.000754
Epoch 29/1000, Train Loss: 0.001522, Val Loss: 0.000459
Epoch 30/1000, Train Loss: 0.001463, Val Loss: 0.000588
Epoch 31/1000, Train Loss: 0.001548, Val Loss: 0.001541
Epoch 32/1000, Train Loss: 0.001514, Val Loss: 0.000961
Epoch 33/1000, Train Loss: 0.001351, Val Loss: 0.000909
Early stopping
Training completed
All predictions shape before reshape: (306, 65341, 1)
All targets shape before reshape: (306, 65341, 1)
All predictions shape after reshape: (306, 65341)
All targets shape after reshape: (306, 65341)
Predictions and targets saved to multi_branch/array/lstm_window_60_preds_targets.npy
Results saved to multi_branch/array/lstm_window_60_results.npy
Final Model Evaluation on Test Set:
RMSE: 0.0003, MAE: 0.0002, R²: 0.9873, L2 Error: 0.0649
(0.00025406323, 0.00022678671, 0.9872621727819719, 0.06494335)
