Using device: cuda
Train input shape: (4017, 12)
Validation input shape: (4018, 12)
Test input shape: (365, 12)
Training with window_size=30
Check the shapes of the generated sequences
-----------------------------------------
Train input shape: torch.Size([3988, 30, 12])
Train target shape: torch.Size([3988, 65341, 1])
Validation input shape: torch.Size([3989, 30, 12])
Validation target shape: torch.Size([3989, 65341, 1])
Test input shape: torch.Size([336, 30, 12])
Test target shape: torch.Size([336, 65341, 1])
-----------------------------------------
Create DataLoaders for training and validation sets
-----------------------------------------
Batch size: 16
Set the hyperparameters
-----------------------------------------
multi_branch/gru_window_30.pth
Number of epochs: 1000
Learning rate: 0.001
Patience: 10
Loss function: MSELoss()
-----------------------------------------
Epoch 1/1000, Train Loss: 26415.733025, Val Loss: 0.001955
Epoch 2/1000, Train Loss: 0.002458, Val Loss: 0.000735
Epoch 3/1000, Train Loss: 0.003926, Val Loss: 0.002031
Epoch 4/1000, Train Loss: 0.003031, Val Loss: 0.000555
Epoch 5/1000, Train Loss: 0.002423, Val Loss: 0.000514
Epoch 6/1000, Train Loss: 0.002911, Val Loss: 0.002182
Epoch 7/1000, Train Loss: 0.002002, Val Loss: 0.000719
Epoch 8/1000, Train Loss: 0.002008, Val Loss: 0.000432
Epoch 9/1000, Train Loss: 0.002722, Val Loss: 0.001262
Epoch 10/1000, Train Loss: 0.003181, Val Loss: 0.000724
Epoch 11/1000, Train Loss: 0.002369, Val Loss: 0.000474
Epoch 12/1000, Train Loss: 0.002793, Val Loss: 0.002718
Epoch 13/1000, Train Loss: 0.004200, Val Loss: 0.000413
Epoch 14/1000, Train Loss: 0.002723, Val Loss: 0.002041
Epoch 15/1000, Train Loss: 0.002219, Val Loss: 0.000476
Epoch 16/1000, Train Loss: 0.003288, Val Loss: 0.002214
Epoch 17/1000, Train Loss: 0.002865, Val Loss: 0.002090
Epoch 18/1000, Train Loss: 0.002920, Val Loss: 0.002556
Epoch 19/1000, Train Loss: 0.003172, Val Loss: 0.000957
Epoch 20/1000, Train Loss: 0.002979, Val Loss: 0.003859
Epoch 21/1000, Train Loss: 0.002584, Val Loss: 0.002466
Epoch 22/1000, Train Loss: 0.003566, Val Loss: 0.000350
Epoch 23/1000, Train Loss: 0.002877, Val Loss: 0.000333
Epoch 24/1000, Train Loss: 0.002581, Val Loss: 0.001679
Epoch 25/1000, Train Loss: 0.003776, Val Loss: 0.000288
Epoch 26/1000, Train Loss: 0.002299, Val Loss: 0.001473
Epoch 27/1000, Train Loss: 0.002973, Val Loss: 0.001578
Epoch 28/1000, Train Loss: 0.002606, Val Loss: 0.002568
Epoch 29/1000, Train Loss: 0.003862, Val Loss: 0.000983
Epoch 30/1000, Train Loss: 0.003093, Val Loss: 0.002662
Epoch 31/1000, Train Loss: 0.003005, Val Loss: 0.001088
Epoch 32/1000, Train Loss: 0.002333, Val Loss: 0.001282
Epoch 33/1000, Train Loss: 0.002508, Val Loss: 0.000516
Epoch 34/1000, Train Loss: 0.002806, Val Loss: 0.000369
Epoch 35/1000, Train Loss: 0.003343, Val Loss: 0.008688
Early stopping
Training completed
All predictions shape before reshape: (336, 65341, 1)
All targets shape before reshape: (336, 65341, 1)
All predictions shape after reshape: (336, 65341)
All targets shape after reshape: (336, 65341)
Predictions and targets saved to multi_branch/array/gru_window_30_preds_targets.npy
Results saved to multi_branch/array/gru_window_30_results.npy
Final Model Evaluation on Test Set:
RMSE: 0.0002, MAE: 0.0002, R²: 0.9903, L2 Error: 0.0574
(0.00022442394, 0.00020227586, 0.9903295724292375, 0.05736699)
