Using device: cuda
Train input shape: (6428, 12)
Validation input shape: (1607, 12)
Test input shape: (365, 12)
Training with window_size=90
Check the shapes of the generated sequences
-----------------------------------------
Train input shape: torch.Size([6339, 90, 12])
Train target shape: torch.Size([6339, 65341, 1])
Validation input shape: torch.Size([1518, 90, 12])
Validation target shape: torch.Size([1518, 65341, 1])
Test input shape: torch.Size([276, 90, 12])
Test target shape: torch.Size([276, 65341, 1])
-----------------------------------------
Create DataLoaders for training and validation sets
-----------------------------------------
Batch size: 4
SequentialDeepONet(
  (branch_net): LSTM(
    (lstm): LSTM(12, 128, num_layers=4, batch_first=True)
    (layer_norm): LayerNorm((128,), eps=1e-05, elementwise_affine=True)
    (fc): Linear(in_features=128, out_features=128, bias=True)
  )
  (trunk_net): FCN(
    (network): Sequential(
      (0): Linear(in_features=2, out_features=128, bias=True)
      (1): ReLU()
      (2): Linear(in_features=128, out_features=128, bias=True)
      (3): ReLU()
      (4): Linear(in_features=128, out_features=128, bias=True)
    )
  )
)
Set the hyperparameters
-----------------------------------------
single_branch/lstm_window_90_1.pth
Number of epochs: 1000
Learning rate: 0.001
Patience: 8
Loss function: MSELoss()
-----------------------------------------
Epoch 1/1000, Train Loss: 0.010687, Validation Loss: 0.000064
Epoch 2/1000, Train Loss: 0.000662, Validation Loss: 0.000174
Epoch 3/1000, Train Loss: 0.000232, Validation Loss: 0.000010
Epoch 4/1000, Train Loss: 0.000130, Validation Loss: 0.000007
Epoch 5/1000, Train Loss: 0.000917, Validation Loss: 0.000359
Epoch 6/1000, Train Loss: 0.000185, Validation Loss: 0.000061
Epoch 7/1000, Train Loss: 0.000201, Validation Loss: 0.000017
Epoch 8/1000, Train Loss: 0.000411, Validation Loss: 0.000084
Epoch 9/1000, Train Loss: 0.000474, Validation Loss: 0.001756
Epoch 10/1000, Train Loss: 0.000321, Validation Loss: 0.000032
Epoch 11/1000, Train Loss: 0.000232, Validation Loss: 0.000113
Epoch 12/1000, Train Loss: 0.000192, Validation Loss: 0.000021
Early stopping at epoch 12
Training completed!
All predictions shape before reshape: (276, 65341, 1)
All targets shape before reshape: (276, 65341, 1)
All predictions shape after reshape: (276, 65341)
All targets shape after reshape: (276, 65341)
Predictions and targets saved to single_branch/array/lstm_window_90_preds_targets_1.npy
Results saved to single_branch/array/lstm_window_90_results_1.npy
Final Model Evaluation on Test Set:
RMSE: 0.0000, MAE: 0.0000, R²: 0.9997, L2 Error: 0.0109
(4.281715e-05, 3.5098084e-05, 0.9997339151153067, 0.010944871)
noisy
All predictions shape after reshape: (276, 65341)
All targets shape after reshape: (276, 65341)
Predictions and targets saved to single_branch/array/noise_lstm_window_90_preds_targets_1.npy
Results saved to single_branch/array/noise_lstm_window_90_results_1.npy
Final Model Evaluation on Test Set:
RMSE: 0.0003, MAE: 0.0003, R²: 0.9820, L2 Error: 0.0742
(0.00029032183, 0.00027618994, 0.9819919474631087, 0.07421174)
