Using device: cuda
Train input shape: (4017, 12)
Validation input shape: (4018, 12)
Test input shape: (365, 12)
Training with window_size=90
Check the shapes of the generated sequences
-----------------------------------------
Train input shape: torch.Size([3928, 90, 12])
Train target shape: torch.Size([3928, 65341, 1])
Validation input shape: torch.Size([3929, 90, 12])
Validation target shape: torch.Size([3929, 65341, 1])
Test input shape: torch.Size([276, 90, 12])
Test target shape: torch.Size([276, 65341, 1])
-----------------------------------------
Create DataLoaders for training and validation sets
-----------------------------------------
Batch size: 16
SequentialDeepONet(
  (branch_net): FCN(
    (network): Sequential(
      (0): Linear(in_features=12, out_features=128, bias=True)
      (1): ReLU()
      (2): Linear(in_features=128, out_features=128, bias=True)
    )
  )
  (trunk_net): FCN(
    (network): Sequential(
      (0): Linear(in_features=2, out_features=128, bias=True)
      (1): ReLU()
      (2): Linear(in_features=128, out_features=128, bias=True)
      (3): ReLU()
      (4): Linear(in_features=128, out_features=128, bias=True)
    )
  )
)
Set the hyperparameters
-----------------------------------------
single_branch/fcn_window_90.pth
Number of epochs: 1000
Learning rate: 0.001
Patience: 5
Loss function: MSELoss()
-----------------------------------------
Epoch 1/1000, Train Loss: 0.010922, Validation Loss: 0.000086
Epoch 2/1000, Train Loss: 0.000126, Validation Loss: 0.000047
Epoch 3/1000, Train Loss: 0.000071, Validation Loss: 0.000029
Epoch 4/1000, Train Loss: 0.000043, Validation Loss: 0.000032
Epoch 5/1000, Train Loss: 0.000049, Validation Loss: 0.000028
Epoch 6/1000, Train Loss: 0.000035, Validation Loss: 0.000022
Epoch 7/1000, Train Loss: 0.000037, Validation Loss: 0.000026
Epoch 8/1000, Train Loss: 0.000038, Validation Loss: 0.000026
Epoch 9/1000, Train Loss: 0.000034, Validation Loss: 0.000024
Epoch 10/1000, Train Loss: 0.000027, Validation Loss: 0.000027
Epoch 11/1000, Train Loss: 0.000033, Validation Loss: 0.000015
Epoch 12/1000, Train Loss: 0.000046, Validation Loss: 0.000023
Epoch 13/1000, Train Loss: 0.000035, Validation Loss: 0.000015
Epoch 14/1000, Train Loss: 0.000049, Validation Loss: 0.000052
Epoch 15/1000, Train Loss: 0.000040, Validation Loss: 0.000030
Epoch 16/1000, Train Loss: 0.000037, Validation Loss: 0.000012
Epoch 17/1000, Train Loss: 0.000049, Validation Loss: 0.000112
Epoch 18/1000, Train Loss: 0.000078, Validation Loss: 0.000019
Epoch 19/1000, Train Loss: 0.000055, Validation Loss: 0.000017
Epoch 20/1000, Train Loss: 0.000070, Validation Loss: 0.000047
Epoch 21/1000, Train Loss: 0.000062, Validation Loss: 0.000065
Early stopping at epoch 21
Training completed!
All predictions shape after reshape: (276, 65341)
All targets shape after reshape: (276, 65341)
Predictions and targets saved to single_branch/array/fcn_window_90_preds_targets.npy
Results saved to single_branch/array/fcn_window_90_results.npy
Final Model Evaluation on Test Set:
RMSE: 0.0000, MAE: 0.0000, R²: 0.9997, L2 Error: 0.0105
(4.1008985e-05, 3.4049473e-05, 0.9997198608785844, 0.010482671)
