Using device: cuda
Train input shape: (6428, 12)
Validation input shape: (1607, 12)
Test input shape: (365, 12)
Training with window_size=60
Check the shapes of the generated sequences
-----------------------------------------
Train input shape: torch.Size([6369, 60, 12])
Train target shape: torch.Size([6369, 65341, 1])
Validation input shape: torch.Size([1548, 60, 12])
Validation target shape: torch.Size([1548, 65341, 1])
Test input shape: torch.Size([306, 60, 12])
Test target shape: torch.Size([306, 65341, 1])
-----------------------------------------
Create DataLoaders for training and validation sets
-----------------------------------------
Batch size: 4
SequentialDeepONet(
  (branch_net): LSTM(
    (lstm): LSTM(12, 128, num_layers=4, batch_first=True)
    (layer_norm): LayerNorm((128,), eps=1e-05, elementwise_affine=True)
    (fc): Linear(in_features=128, out_features=128, bias=True)
  )
  (trunk_net): FCN(
    (network): Sequential(
      (0): Linear(in_features=2, out_features=128, bias=True)
      (1): ReLU()
      (2): Linear(in_features=128, out_features=128, bias=True)
      (3): ReLU()
      (4): Linear(in_features=128, out_features=128, bias=True)
    )
  )
)
Set the hyperparameters
-----------------------------------------
single_branch/lstm_window_60_1.pth
Number of epochs: 1000
Learning rate: 0.001
Patience: 8
Loss function: MSELoss()
-----------------------------------------
Epoch 1/1000, Train Loss: 0.010432, Validation Loss: 0.000053
Epoch 2/1000, Train Loss: 0.000673, Validation Loss: 0.000210
Epoch 3/1000, Train Loss: 0.000191, Validation Loss: 0.000014
Epoch 4/1000, Train Loss: 0.000234, Validation Loss: 0.000238
Epoch 5/1000, Train Loss: 0.000297, Validation Loss: 0.000104
Epoch 6/1000, Train Loss: 0.000066, Validation Loss: 0.000023
Epoch 7/1000, Train Loss: 0.000292, Validation Loss: 0.001546
Epoch 8/1000, Train Loss: 0.000526, Validation Loss: 0.000025
Epoch 9/1000, Train Loss: 0.000234, Validation Loss: 0.000020
Epoch 10/1000, Train Loss: 0.000268, Validation Loss: 0.000025
Epoch 11/1000, Train Loss: 0.000862, Validation Loss: 0.004360
Early stopping at epoch 11
Training completed!
All predictions shape before reshape: (306, 65341, 1)
All targets shape before reshape: (306, 65341, 1)
All predictions shape after reshape: (306, 65341)
All targets shape after reshape: (306, 65341)
Predictions and targets saved to single_branch/array/lstm_window_60_preds_targets_1.npy
Results saved to single_branch/array/lstm_window_60_results_1.npy
Final Model Evaluation on Test Set:
RMSE: 0.0000, MAE: 0.0000, R²: 0.9997, L2 Error: 0.0124
(4.851302e-05, 4.0501578e-05, 0.99965309736626, 0.012400842)
noisy
All predictions shape after reshape: (306, 65341)
All targets shape after reshape: (306, 65341)
Predictions and targets saved to single_branch/array/noise_lstm_window_60_preds_targets_1.npy
Results saved to single_branch/array/noise_lstm_window_60_results_1.npy
Final Model Evaluation on Test Set:
RMSE: 0.0003, MAE: 0.0003, R²: 0.9838, L2 Error: 0.0736
(0.00028792245, 0.00027389708, 0.9838294209684867, 0.07359841)
