Using device: cuda
Train input shape: (4017, 12)
Validation input shape: (4018, 12)
Test input shape: (365, 12)
Training with window_size=30
Check the shapes of the generated sequences
-----------------------------------------
Train input shape: torch.Size([3988, 30, 12])
Train target shape: torch.Size([3988, 65341, 1])
Validation input shape: torch.Size([3989, 30, 12])
Validation target shape: torch.Size([3989, 65341, 1])
Test input shape: torch.Size([336, 30, 12])
Test target shape: torch.Size([336, 65341, 1])
-----------------------------------------
Create DataLoaders for training and validation sets
-----------------------------------------
Batch size: 16
SequentialDeepONet(
  (branch_net): GRU(
    (gru): GRU(12, 128, num_layers=4, batch_first=True)
    (layer_norm): LayerNorm((128,), eps=1e-05, elementwise_affine=True)
    (fc): Linear(in_features=128, out_features=128, bias=True)
  )
  (trunk_net): FCN(
    (network): Sequential(
      (0): Linear(in_features=2, out_features=128, bias=True)
      (1): ReLU()
      (2): Linear(in_features=128, out_features=128, bias=True)
      (3): ReLU()
      (4): Linear(in_features=128, out_features=128, bias=True)
    )
  )
  (final_layer): Linear(in_features=128, out_features=1, bias=True)
)
Set the hyperparameters
-----------------------------------------
single_branch/gru_window_30.pth
Number of epochs: 1000
Learning rate: 0.001
Patience: 10
Loss function: MSELoss()
-----------------------------------------
Epoch 1/1000, Train Loss: 0.010370, Validation Loss: 0.000316
Epoch 2/1000, Train Loss: 0.000313, Validation Loss: 0.000113
Epoch 3/1000, Train Loss: 0.000109, Validation Loss: 0.000023
Epoch 4/1000, Train Loss: 0.000092, Validation Loss: 0.000037
Epoch 5/1000, Train Loss: 0.000097, Validation Loss: 0.000069
Epoch 6/1000, Train Loss: 0.000240, Validation Loss: 0.000021
Epoch 7/1000, Train Loss: 0.000074, Validation Loss: 0.000015
Epoch 8/1000, Train Loss: 0.000057, Validation Loss: 0.000139
Epoch 9/1000, Train Loss: 0.000066, Validation Loss: 0.000093
Epoch 10/1000, Train Loss: 0.000131, Validation Loss: 0.000018
Epoch 11/1000, Train Loss: 0.000145, Validation Loss: 0.000427
Epoch 12/1000, Train Loss: 0.000156, Validation Loss: 0.000516
Epoch 13/1000, Train Loss: 0.000110, Validation Loss: 0.000011
Epoch 14/1000, Train Loss: 0.000129, Validation Loss: 0.000056
Epoch 15/1000, Train Loss: 0.000120, Validation Loss: 0.000019
Epoch 16/1000, Train Loss: 0.000049, Validation Loss: 0.000016
Epoch 17/1000, Train Loss: 0.000102, Validation Loss: 0.000078
Epoch 18/1000, Train Loss: 0.000067, Validation Loss: 0.000046
Epoch 19/1000, Train Loss: 0.000083, Validation Loss: 0.000070
Epoch 20/1000, Train Loss: 0.000230, Validation Loss: 0.000031
Epoch 21/1000, Train Loss: 0.000093, Validation Loss: 0.000056
Epoch 22/1000, Train Loss: 0.000105, Validation Loss: 0.000041
Epoch 23/1000, Train Loss: 0.000063, Validation Loss: 0.000128
Early stopping at epoch 23
Training completed!
All predictions shape before reshape: (336, 65341, 1)
All targets shape before reshape: (336, 65341, 1)
All predictions shape after reshape: (336, 65341)
All targets shape after reshape: (336, 65341)
Results saved to single_branch/array/gru_window_30_results.npy
Final Model Evaluation on Test Set:
RMSE: 0.0001, MAE: 0.0001, R²: 0.9984, L2 Error: 0.0283
(0.00011052556, 0.000101402766, 0.9984241399423419, 0.02825242)
