Using device: cuda
Train input shape: (4017, 12)
Validation input shape: (4018, 12)
Test input shape: (365, 12)
Training with window_size=30
Check the shapes of the generated sequences
-----------------------------------------
Train input shape: torch.Size([3988, 30, 12])
Train target shape: torch.Size([3988, 65341, 1])
Validation input shape: torch.Size([3989, 30, 12])
Validation target shape: torch.Size([3989, 65341, 1])
Test input shape: torch.Size([336, 30, 12])
Test target shape: torch.Size([336, 65341, 1])
-----------------------------------------
Create DataLoaders for training and validation sets
-----------------------------------------
Batch size: 16
SequentialDeepONet(
  (branch_net): FCN(
    (network): Sequential(
      (0): Linear(in_features=12, out_features=128, bias=True)
      (1): ReLU()
      (2): Linear(in_features=128, out_features=128, bias=True)
    )
  )
  (trunk_net): FCN(
    (network): Sequential(
      (0): Linear(in_features=2, out_features=128, bias=True)
      (1): ReLU()
      (2): Linear(in_features=128, out_features=128, bias=True)
      (3): ReLU()
      (4): Linear(in_features=128, out_features=128, bias=True)
    )
  )
)
Set the hyperparameters
-----------------------------------------
single_branch/fcn_window_30.pth
Number of epochs: 1000
Learning rate: 0.001
Patience: 5
Loss function: MSELoss()
-----------------------------------------
Epoch 1/1000, Train Loss: 0.010964, Validation Loss: 0.000121
Epoch 2/1000, Train Loss: 0.000121, Validation Loss: 0.000067
Epoch 3/1000, Train Loss: 0.000066, Validation Loss: 0.000030
Epoch 4/1000, Train Loss: 0.000046, Validation Loss: 0.000022
Epoch 5/1000, Train Loss: 0.000042, Validation Loss: 0.000029
Epoch 6/1000, Train Loss: 0.000044, Validation Loss: 0.000020
Epoch 7/1000, Train Loss: 0.000035, Validation Loss: 0.000117
Epoch 8/1000, Train Loss: 0.000028, Validation Loss: 0.000025
Epoch 9/1000, Train Loss: 0.000029, Validation Loss: 0.000015
Epoch 10/1000, Train Loss: 0.000043, Validation Loss: 0.000040
Epoch 11/1000, Train Loss: 0.000038, Validation Loss: 0.000027
Epoch 12/1000, Train Loss: 0.000041, Validation Loss: 0.000049
Epoch 13/1000, Train Loss: 0.000043, Validation Loss: 0.000055
Epoch 14/1000, Train Loss: 0.000050, Validation Loss: 0.000155
Early stopping at epoch 14
Training completed!
All predictions shape after reshape: (336, 65341)
All targets shape after reshape: (336, 65341)
Predictions and targets saved to single_branch/array/fcn_window_30_preds_targets.npy
Results saved to single_branch/array/fcn_window_30_results.npy
Final Model Evaluation on Test Set:
RMSE: 0.0001, MAE: 0.0000, R²: 0.9996, L2 Error: 0.0136
(5.3074975e-05, 4.3987722e-05, 0.9995605017695436, 0.013566965)
