Using device: cuda
Train input shape: (4017, 12)
Validation input shape: (4018, 12)
Test input shape: (365, 12)
Training with window_size=60
Check the shapes of the generated sequences
-----------------------------------------
Train input shape: torch.Size([3958, 60, 12])
Train target shape: torch.Size([3958, 65341, 1])
Validation input shape: torch.Size([3959, 60, 12])
Validation target shape: torch.Size([3959, 65341, 1])
Test input shape: torch.Size([306, 60, 12])
Test target shape: torch.Size([306, 65341, 1])
-----------------------------------------
Create DataLoaders for training and validation sets
-----------------------------------------
Batch size: 16
SequentialDeepONet(
  (branch_net): GRU(
    (gru): GRU(12, 128, num_layers=4, batch_first=True)
    (layer_norm): LayerNorm((128,), eps=1e-05, elementwise_affine=True)
    (fc): Linear(in_features=128, out_features=128, bias=True)
  )
  (trunk_net): FCN(
    (network): Sequential(
      (0): Linear(in_features=2, out_features=128, bias=True)
      (1): ReLU()
      (2): Linear(in_features=128, out_features=128, bias=True)
      (3): ReLU()
      (4): Linear(in_features=128, out_features=128, bias=True)
    )
  )
)
Set the hyperparameters
-----------------------------------------
single_branch/gru_window_60_1.pth
Number of epochs: 1000
Learning rate: 0.001
Patience: 10
Loss function: MSELoss()
-----------------------------------------
Epoch 1/1000, Train Loss: 0.079521, Validation Loss: 0.000322
Epoch 2/1000, Train Loss: 0.000491, Validation Loss: 0.000253
Epoch 3/1000, Train Loss: 0.000290, Validation Loss: 0.000044
Epoch 4/1000, Train Loss: 0.000181, Validation Loss: 0.000036
Epoch 5/1000, Train Loss: 0.000129, Validation Loss: 0.000126
Epoch 6/1000, Train Loss: 0.000109, Validation Loss: 0.000038
Epoch 7/1000, Train Loss: 0.000082, Validation Loss: 0.000058
Epoch 8/1000, Train Loss: 0.000071, Validation Loss: 0.000024
Epoch 9/1000, Train Loss: 0.000069, Validation Loss: 0.000053
Epoch 10/1000, Train Loss: 0.000066, Validation Loss: 0.000015
Epoch 11/1000, Train Loss: 0.000073, Validation Loss: 0.000013
Epoch 12/1000, Train Loss: 0.000065, Validation Loss: 0.000068
Epoch 13/1000, Train Loss: 0.000058, Validation Loss: 0.000101
Epoch 14/1000, Train Loss: 0.000071, Validation Loss: 0.000091
Epoch 15/1000, Train Loss: 0.000097, Validation Loss: 0.000017
Epoch 16/1000, Train Loss: 0.000061, Validation Loss: 0.000114
Epoch 17/1000, Train Loss: 0.000065, Validation Loss: 0.000012
Epoch 18/1000, Train Loss: 0.000068, Validation Loss: 0.000083
Epoch 19/1000, Train Loss: 0.000100, Validation Loss: 0.000099
Epoch 20/1000, Train Loss: 0.000087, Validation Loss: 0.000022
Epoch 21/1000, Train Loss: 0.000138, Validation Loss: 0.000292
Epoch 22/1000, Train Loss: 0.000083, Validation Loss: 0.000051
Epoch 23/1000, Train Loss: 0.000103, Validation Loss: 0.000111
Epoch 24/1000, Train Loss: 0.000097, Validation Loss: 0.000266
Epoch 25/1000, Train Loss: 0.000186, Validation Loss: 0.000059
Epoch 26/1000, Train Loss: 0.000171, Validation Loss: 0.000038
Epoch 27/1000, Train Loss: 0.000065, Validation Loss: 0.000075
Early stopping at epoch 27
Training completed!
All predictions shape after reshape: (306, 65341)
All targets shape after reshape: (306, 65341)
Predictions and targets saved to single_branch/array/gru_window_60_preds_targets_1.npy
Results saved to single_branch/array/gru_window_60_results_1.npy
Final Model Evaluation on Test Set:
RMSE: 0.0000, MAE: 0.0000, R²: 0.9998, L2 Error: 0.0103
(4.0330764e-05, 3.3321514e-05, 0.999773067106242, 0.010309304)
