Using device: cuda
Train input shape: (6428, 12)
Validation input shape: (1607, 12)
Test input shape: (365, 12)
Training with window_size=7
Check the shapes of the generated sequences
-----------------------------------------
Train input shape: torch.Size([6422, 7, 12])
Train target shape: torch.Size([6422, 65341, 1])
Validation input shape: torch.Size([1601, 7, 12])
Validation target shape: torch.Size([1601, 65341, 1])
Test input shape: torch.Size([359, 7, 12])
Test target shape: torch.Size([359, 65341, 1])
-----------------------------------------
Create DataLoaders for training and validation sets
-----------------------------------------
Batch size: 4
SequentialDeepONet(
  (branch_net): FCN(
    (network): Sequential(
      (0): Linear(in_features=12, out_features=128, bias=True)
      (1): ReLU()
      (2): Linear(in_features=128, out_features=128, bias=True)
    )
  )
  (trunk_net): FCN(
    (network): Sequential(
      (0): Linear(in_features=2, out_features=128, bias=True)
      (1): ReLU()
      (2): Linear(in_features=128, out_features=128, bias=True)
      (3): ReLU()
      (4): Linear(in_features=128, out_features=128, bias=True)
    )
  )
)
Number of trainable parameters: 51585
Set the hyperparameters
-----------------------------------------
single_branch/fnn_window_7_1.pth
Number of epochs: 1000
Learning rate: 0.001
Patience: 8
Loss function: MSELoss()
-----------------------------------------
Epoch 1/1000, Train Loss: 0.001710, Validation Loss: 0.000117
Epoch 2/1000, Train Loss: 0.000098, Validation Loss: 0.000015
Epoch 3/1000, Train Loss: 0.000106, Validation Loss: 0.000020
Epoch 4/1000, Train Loss: 0.000090, Validation Loss: 0.000063
Epoch 5/1000, Train Loss: 0.000083, Validation Loss: 0.000017
Epoch 6/1000, Train Loss: 0.000069, Validation Loss: 0.000009
Epoch 7/1000, Train Loss: 0.000061, Validation Loss: 0.000047
Epoch 8/1000, Train Loss: 0.000080, Validation Loss: 0.000016
Epoch 9/1000, Train Loss: 0.000062, Validation Loss: 0.000518
Epoch 10/1000, Train Loss: 0.000057, Validation Loss: 0.000037
Epoch 11/1000, Train Loss: 0.000048, Validation Loss: 0.000012
Epoch 12/1000, Train Loss: 0.000038, Validation Loss: 0.000008
Epoch 13/1000, Train Loss: 0.000046, Validation Loss: 0.000022
Epoch 14/1000, Train Loss: 0.000046, Validation Loss: 0.000006
Epoch 15/1000, Train Loss: 0.000040, Validation Loss: 0.000007
Epoch 16/1000, Train Loss: 0.000042, Validation Loss: 0.000009
Epoch 17/1000, Train Loss: 0.000041, Validation Loss: 0.000038
Epoch 18/1000, Train Loss: 0.000034, Validation Loss: 0.000112
Epoch 19/1000, Train Loss: 0.000038, Validation Loss: 0.000011
Epoch 20/1000, Train Loss: 0.000035, Validation Loss: 0.000064
Epoch 21/1000, Train Loss: 0.000036, Validation Loss: 0.000011
Epoch 22/1000, Train Loss: 0.000033, Validation Loss: 0.000023
Early stopping at epoch 22
Training completed!
All predictions shape after reshape: (359, 65341)
All targets shape after reshape: (359, 65341)
Predictions and targets saved to single_branch/array/fnn_window_7_preds_targets_1.npy
Results saved to single_branch/array/fnn_window_7_results_1.npy
Final Model Evaluation on Test Set:
RMSE: 0.0000, MAE: 0.0000, R²: 0.9998, L2 Error: 0.0086
(3.368537e-05, 2.734086e-05, 0.9998437082442079, 0.008610616)
noisy
All predictions shape after reshape: (359, 65341)
All targets shape after reshape: (359, 65341)
Predictions and targets saved to single_branch/array/noise_fnn_window_7_preds_targets_1.npy
Results saved to single_branch/array/noise_fnn_window_7_results_1.npy
Final Model Evaluation on Test Set:
RMSE: 0.0003, MAE: 0.0003, R²: 0.9832, L2 Error: 0.0737
(0.0002883423, 0.00027376326, 0.9832153890580575, 0.07370574)
