Using device: cuda
Train input shape: (4017, 12)
Validation input shape: (4018, 12)
Test input shape: (365, 12)
Training with window_size=30
Check the shapes of the generated sequences
-----------------------------------------
Train input shape: torch.Size([3988, 30, 12])
Train target shape: torch.Size([3988, 65341, 1])
Validation input shape: torch.Size([3989, 30, 12])
Validation target shape: torch.Size([3989, 65341, 1])
Test input shape: torch.Size([336, 30, 12])
Test target shape: torch.Size([336, 65341, 1])
-----------------------------------------
Create DataLoaders for training and validation sets
-----------------------------------------
Batch size: 16
SequentialDeepONet(
  (branch_net): LSTM(
    (lstm): LSTM(12, 128, num_layers=4, batch_first=True)
    (layer_norm): LayerNorm((128,), eps=1e-05, elementwise_affine=True)
    (fc): Linear(in_features=128, out_features=128, bias=True)
  )
  (trunk_net): FCN(
    (network): Sequential(
      (0): Linear(in_features=2, out_features=128, bias=True)
      (1): ReLU()
      (2): Linear(in_features=128, out_features=128, bias=True)
      (3): ReLU()
      (4): Linear(in_features=128, out_features=128, bias=True)
    )
  )
  (final_layer): Linear(in_features=128, out_features=1, bias=True)
)
Set the hyperparameters
-----------------------------------------
single_branch/lstm_window_30.pth
Number of epochs: 1000
Learning rate: 0.001
Patience: 10
Loss function: MSELoss()
-----------------------------------------
Epoch 1/1000, Train Loss: 0.011851, Validation Loss: 0.000634
Epoch 2/1000, Train Loss: 0.001314, Validation Loss: 0.000270
Epoch 3/1000, Train Loss: 0.000690, Validation Loss: 0.000086
Epoch 4/1000, Train Loss: 0.000214, Validation Loss: 0.000157
Epoch 5/1000, Train Loss: 0.000094, Validation Loss: 0.000020
Epoch 6/1000, Train Loss: 0.000080, Validation Loss: 0.000580
Epoch 7/1000, Train Loss: 0.000094, Validation Loss: 0.000091
Epoch 8/1000, Train Loss: 0.000064, Validation Loss: 0.000015
Epoch 9/1000, Train Loss: 0.000061, Validation Loss: 0.000014
Epoch 10/1000, Train Loss: 0.000094, Validation Loss: 0.000494
Epoch 11/1000, Train Loss: 0.000083, Validation Loss: 0.000022
Epoch 12/1000, Train Loss: 0.000086, Validation Loss: 0.000317
Epoch 13/1000, Train Loss: 0.000146, Validation Loss: 0.000125
Epoch 14/1000, Train Loss: 0.000084, Validation Loss: 0.000051
Epoch 15/1000, Train Loss: 0.000054, Validation Loss: 0.000040
Epoch 16/1000, Train Loss: 0.000203, Validation Loss: 0.000044
Epoch 17/1000, Train Loss: 0.000072, Validation Loss: 0.000021
Epoch 18/1000, Train Loss: 0.000086, Validation Loss: 0.000038
Epoch 19/1000, Train Loss: 0.000086, Validation Loss: 0.000014
Epoch 20/1000, Train Loss: 0.000061, Validation Loss: 0.000039
Epoch 21/1000, Train Loss: 0.000047, Validation Loss: 0.000017
Epoch 22/1000, Train Loss: 0.000059, Validation Loss: 0.000039
Epoch 23/1000, Train Loss: 0.000066, Validation Loss: 0.000007
Epoch 24/1000, Train Loss: 0.000076, Validation Loss: 0.000029
Epoch 25/1000, Train Loss: 0.000169, Validation Loss: 0.000010
Epoch 26/1000, Train Loss: 0.000077, Validation Loss: 0.000015
Epoch 27/1000, Train Loss: 0.000080, Validation Loss: 0.000064
Epoch 28/1000, Train Loss: 0.000104, Validation Loss: 0.000292
Epoch 29/1000, Train Loss: 0.000109, Validation Loss: 0.000039
Epoch 30/1000, Train Loss: 0.000034, Validation Loss: 0.000019
Epoch 31/1000, Train Loss: 0.000046, Validation Loss: 0.000014
Epoch 32/1000, Train Loss: 0.000046, Validation Loss: 0.000351
Epoch 33/1000, Train Loss: 0.000061, Validation Loss: 0.000076
Early stopping at epoch 33
Training completed!
All predictions shape before reshape: (336, 65341, 1)
All targets shape before reshape: (336, 65341, 1)
All predictions shape after reshape: (336, 65341)
All targets shape after reshape: (336, 65341)
Predictions and targets saved to single_branch/array/lstm_window_30_preds_targets.npy
Results saved to single_branch/array/lstm_window_30_results.npy
Final Model Evaluation on Test Set:
RMSE: 0.0000, MAE: 0.0000, R²: 0.9998, L2 Error: 0.0098
(3.8400645e-05, 3.0552714e-05, 0.9997901564441756, 0.0098159285)
